2020-12-23 00:00:18.759 - INFO  [  restartedMain] o.s.b.StartupInfoLogger        : Starting KislSpringbootApplication on DESKTOP-V3LPVRL with PID 9508 (F:\mywork\KISL\JetBrains\twitter\target\classes started by Administrator in F:\mywork\KISL\JetBrains\twitter)
2020-12-23 00:00:18.814 - INFO  [  restartedMain] o.s.b.SpringApplication        : No active profile set, falling back to default profiles: default
2020-12-23 00:00:18.875 - INFO  [  restartedMain] c.s.AbstractApplicationContext : Refreshing org.springframework.boot.web.servlet.context.AnnotationConfigServletWebServerApplicationContext@76f6f3ba: startup date [Wed Dec 23 00:00:18 CST 2020]; root of context hierarchy
2020-12-23 00:00:20.916 - INFO  [  restartedMain] o.s.b.w.e.t.TomcatWebServer    : Tomcat initialized with port(s): 9001 (http)
2020-12-23 00:00:20.938 - INFO  [  restartedMain] o.a.j.l.DirectJDKLog           : Initializing ProtocolHandler ["http-nio-9001"]
2020-12-23 00:00:20.953 - INFO  [  restartedMain] o.a.j.l.DirectJDKLog           : Starting service [Tomcat]
2020-12-23 00:00:20.955 - INFO  [  restartedMain] o.a.j.l.DirectJDKLog           : Starting Servlet Engine: Apache Tomcat/8.5.29
2020-12-23 00:00:20.961 - INFO  [ost-startStop-1] o.a.j.l.DirectJDKLog           : The APR based Apache Tomcat Native library which allows optimal performance in production environments was not found on the java.library.path: [C:\Program Files\Java\jdk1.8.0_40\bin;C:\windows\Sun\Java\bin;C:\windows\system32;C:\windows;G:\app\Administrator\product\11.2.0\dbhome_1\bin;C:\windows\system32;C:\windows;C:\windows\System32\Wbem;C:\windows\System32\WindowsPowerShell\v1.0\;C:\Program Files (x86)\NVIDIA Corporation\PhysX\Common;C:\Program Files\Java\jdk1.8.0_40\bin;C:\strawberry\c\bin;C:\strawberry\perl\bin;C:\Program Files\Java\jdk1.8.0_40\bin;C:\Program Files\Java\jre1.8.0_40\bin;C:\Program Files\Java\jdk1.8.0_40\jre\bin;C:\Program Files\Intel\WiFi\bin\;C:\Program Files\Common Files\Intel\WirelessCommon\;C:\Program Files (x86)\Nmap;C:\Program Files\MySQL\MySQL Utilities 1.6\;F:\mywork\KISL\apache-maven-3.3.9\bin;G:\shortcut;F:\installSoft\TortoiseSVN\bin;F:\installSoft\VisualSVN Server\bin;F:\installSoft\Git\cmd;C:\Users\Administrator\AppData\Local\Microsoft\WindowsApps;C:\Program Files\Intel\WiFi\bin\;C:\Program Files\Common Files\Intel\WirelessCommon\;C:\Program Files (x86)\Nmap;C:\Users\Administrator\AppData\Local\GitHubDesktop\bin;F:\installSoft\Microsoft VS Code\bin;.]
2020-12-23 00:00:21.089 - INFO  [ost-startStop-1] o.a.j.l.DirectJDKLog           : Initializing Spring embedded WebApplicationContext
2020-12-23 00:00:21.090 - INFO  [ost-startStop-1] letWebServerApplicationContext : Root WebApplicationContext: initialization completed in 2219 ms
2020-12-23 00:00:21.379 - INFO  [ost-startStop-1] .b.w.s.ServletRegistrationBean : Servlet statViewServlet mapped to [/druid/*]
2020-12-23 00:00:21.382 - INFO  [ost-startStop-1] .b.w.s.ServletRegistrationBean : Servlet dispatcherServlet mapped to [/]
2020-12-23 00:00:21.382 - INFO  [ost-startStop-1] .b.w.s.ServletRegistrationBean : Servlet statViewServlet mapped to [/druid/*]
2020-12-23 00:00:21.383 - INFO  [ost-startStop-1] .b.w.s.DynamicRegistrationBean : Servlet statViewServlet was not registered (possibly already registered?)
2020-12-23 00:00:21.389 - INFO  [ost-startStop-1] AbstractFilterRegistrationBean : Mapping filter: 'characterEncodingFilter' to: [/*]
2020-12-23 00:00:21.389 - INFO  [ost-startStop-1] AbstractFilterRegistrationBean : Mapping filter: 'hiddenHttpMethodFilter' to: [/*]
2020-12-23 00:00:21.390 - INFO  [ost-startStop-1] AbstractFilterRegistrationBean : Mapping filter: 'httpPutFormContentFilter' to: [/*]
2020-12-23 00:00:21.390 - INFO  [ost-startStop-1] AbstractFilterRegistrationBean : Mapping filter: 'requestContextFilter' to: [/*]
2020-12-23 00:00:21.390 - INFO  [ost-startStop-1] AbstractFilterRegistrationBean : Mapping filter: 'webStatFilter' to urls: [/*]
2020-12-23 00:00:21.390 - INFO  [ost-startStop-1] .b.w.s.DynamicRegistrationBean : Filter webStatFilter was not registered (possibly already registered?)
2020-12-23 00:00:21.482 - INFO  [  restartedMain] c.k.t.m.DruidConfig            : Druid初始化开始==========
2020-12-23 00:00:21.495 - INFO  [  restartedMain] c.k.t.m.DruidConfig            : Druid初始化完成==========
2020-12-23 00:00:21.693 - WARN  [  restartedMain] c.s.AbstractApplicationContext : Exception encountered during context initialization - cancelling refresh attempt: org.springframework.beans.factory.UnsatisfiedDependencyException: Error creating bean with name 'userController': Unsatisfied dependency expressed through field 'userService'; nested exception is org.springframework.beans.factory.UnsatisfiedDependencyException: Error creating bean with name 'userService': Unsatisfied dependency expressed through field 'userMapper'; nested exception is org.springframework.beans.factory.UnsatisfiedDependencyException: Error creating bean with name 'userMapper' defined in file [F:\mywork\KISL\JetBrains\twitter\target\classes\com\kisl\twitter\mapper\UserMapper.class]: Unsatisfied dependency expressed through bean property 'sqlSessionFactory'; nested exception is org.springframework.beans.factory.UnsatisfiedDependencyException: Error creating bean with name 'sqlSessionFactory' defined in class path resource [org/mybatis/spring/boot/autoconfigure/MybatisAutoConfiguration.class]: Unsatisfied dependency expressed through method 'sqlSessionFactory' parameter 0; nested exception is org.springframework.boot.context.properties.ConfigurationPropertiesBindException: Error creating bean with name 'druidDataSource': Could not bind properties to 'DruidDataSource' : prefix=spring.datasource, ignoreInvalidFields=false, ignoreUnknownFields=true; nested exception is org.springframework.boot.context.properties.bind.BindException: Failed to bind properties under 'spring.datasource' to com.alibaba.druid.pool.DruidDataSource
2020-12-23 00:00:21.700 - INFO  [  restartedMain] o.a.j.l.DirectJDKLog           : Stopping service [Tomcat]
2020-12-23 00:00:21.731 - INFO  [  restartedMain] valuationReportLoggingListener : 

Error starting ApplicationContext. To display the conditions report re-run your application with 'debug' enabled.
2020-12-23 00:02:09.217 - INFO  [  restartedMain] o.s.b.StartupInfoLogger        : Starting KislSpringbootApplication on DESKTOP-V3LPVRL with PID 9692 (F:\mywork\KISL\JetBrains\twitter\target\classes started by Administrator in F:\mywork\KISL\JetBrains\twitter)
2020-12-23 00:02:09.222 - INFO  [  restartedMain] o.s.b.SpringApplication        : No active profile set, falling back to default profiles: default
2020-12-23 00:02:09.302 - INFO  [  restartedMain] c.s.AbstractApplicationContext : Refreshing org.springframework.boot.web.servlet.context.AnnotationConfigServletWebServerApplicationContext@34f8cde3: startup date [Wed Dec 23 00:02:09 CST 2020]; root of context hierarchy
2020-12-23 00:02:10.770 - INFO  [  restartedMain] o.s.b.w.e.t.TomcatWebServer    : Tomcat initialized with port(s): 9001 (http)
2020-12-23 00:02:10.787 - INFO  [  restartedMain] o.a.j.l.DirectJDKLog           : Initializing ProtocolHandler ["http-nio-9001"]
2020-12-23 00:02:10.802 - INFO  [  restartedMain] o.a.j.l.DirectJDKLog           : Starting service [Tomcat]
2020-12-23 00:02:10.803 - INFO  [  restartedMain] o.a.j.l.DirectJDKLog           : Starting Servlet Engine: Apache Tomcat/8.5.29
2020-12-23 00:02:10.808 - INFO  [ost-startStop-1] o.a.j.l.DirectJDKLog           : The APR based Apache Tomcat Native library which allows optimal performance in production environments was not found on the java.library.path: [C:\Program Files\Java\jdk1.8.0_40\bin;C:\windows\Sun\Java\bin;C:\windows\system32;C:\windows;G:\app\Administrator\product\11.2.0\dbhome_1\bin;C:\windows\system32;C:\windows;C:\windows\System32\Wbem;C:\windows\System32\WindowsPowerShell\v1.0\;C:\Program Files (x86)\NVIDIA Corporation\PhysX\Common;C:\Program Files\Java\jdk1.8.0_40\bin;C:\strawberry\c\bin;C:\strawberry\perl\bin;C:\Program Files\Java\jdk1.8.0_40\bin;C:\Program Files\Java\jre1.8.0_40\bin;C:\Program Files\Java\jdk1.8.0_40\jre\bin;C:\Program Files\Intel\WiFi\bin\;C:\Program Files\Common Files\Intel\WirelessCommon\;C:\Program Files (x86)\Nmap;C:\Program Files\MySQL\MySQL Utilities 1.6\;F:\mywork\KISL\apache-maven-3.3.9\bin;G:\shortcut;F:\installSoft\TortoiseSVN\bin;F:\installSoft\VisualSVN Server\bin;F:\installSoft\Git\cmd;C:\Users\Administrator\AppData\Local\Microsoft\WindowsApps;C:\Program Files\Intel\WiFi\bin\;C:\Program Files\Common Files\Intel\WirelessCommon\;C:\Program Files (x86)\Nmap;C:\Users\Administrator\AppData\Local\GitHubDesktop\bin;F:\installSoft\Microsoft VS Code\bin;.]
2020-12-23 00:02:10.921 - INFO  [ost-startStop-1] o.a.j.l.DirectJDKLog           : Initializing Spring embedded WebApplicationContext
2020-12-23 00:02:10.922 - INFO  [ost-startStop-1] letWebServerApplicationContext : Root WebApplicationContext: initialization completed in 1620 ms
2020-12-23 00:02:11.131 - INFO  [ost-startStop-1] .b.w.s.ServletRegistrationBean : Servlet statViewServlet mapped to [/druid/*]
2020-12-23 00:02:11.133 - INFO  [ost-startStop-1] .b.w.s.ServletRegistrationBean : Servlet dispatcherServlet mapped to [/]
2020-12-23 00:02:11.133 - INFO  [ost-startStop-1] .b.w.s.ServletRegistrationBean : Servlet statViewServlet mapped to [/druid/*]
2020-12-23 00:02:11.133 - INFO  [ost-startStop-1] .b.w.s.DynamicRegistrationBean : Servlet statViewServlet was not registered (possibly already registered?)
2020-12-23 00:02:11.136 - INFO  [ost-startStop-1] AbstractFilterRegistrationBean : Mapping filter: 'characterEncodingFilter' to: [/*]
2020-12-23 00:02:11.136 - INFO  [ost-startStop-1] AbstractFilterRegistrationBean : Mapping filter: 'hiddenHttpMethodFilter' to: [/*]
2020-12-23 00:02:11.137 - INFO  [ost-startStop-1] AbstractFilterRegistrationBean : Mapping filter: 'httpPutFormContentFilter' to: [/*]
2020-12-23 00:02:11.137 - INFO  [ost-startStop-1] AbstractFilterRegistrationBean : Mapping filter: 'requestContextFilter' to: [/*]
2020-12-23 00:02:11.138 - INFO  [ost-startStop-1] AbstractFilterRegistrationBean : Mapping filter: 'webStatFilter' to urls: [/*]
2020-12-23 00:02:11.138 - INFO  [ost-startStop-1] .b.w.s.DynamicRegistrationBean : Filter webStatFilter was not registered (possibly already registered?)
2020-12-23 00:02:11.197 - INFO  [  restartedMain] c.k.t.m.DruidConfig            : Druid初始化开始==========
2020-12-23 00:02:11.206 - INFO  [  restartedMain] c.k.t.m.DruidConfig            : Druid初始化完成==========
2020-12-23 00:02:11.651 - INFO  [  restartedMain] c.a.d.p.DruidDataSource        : {dataSource-1} inited
2020-12-23 00:02:12.117 - INFO  [  restartedMain] .s.h.AbstractUrlHandlerMapping : Mapped URL path [/**/favicon.ico] onto handler of type [class org.springframework.web.servlet.resource.ResourceHttpRequestHandler]
2020-12-23 00:02:12.311 - INFO  [  restartedMain] a.RequestMappingHandlerAdapter : Looking for @ControllerAdvice: org.springframework.boot.web.servlet.context.AnnotationConfigServletWebServerApplicationContext@34f8cde3: startup date [Wed Dec 23 00:02:09 CST 2020]; root of context hierarchy
2020-12-23 00:02:12.388 - INFO  [  restartedMain] rMethodMapping$MappingRegistry : Mapped "{[/user/regist],methods=[POST]}" onto public com.kisl.twitter.model.Result com.kisl.twitter.controller.UserController.regist(com.kisl.twitter.model.User)
2020-12-23 00:02:12.390 - INFO  [  restartedMain] rMethodMapping$MappingRegistry : Mapped "{[/user/login],methods=[POST]}" onto public com.kisl.twitter.model.Result com.kisl.twitter.controller.UserController.login(com.kisl.twitter.model.User)
2020-12-23 00:02:12.393 - INFO  [  restartedMain] rMethodMapping$MappingRegistry : Mapped "{[/error]}" onto public org.springframework.http.ResponseEntity<java.util.Map<java.lang.String, java.lang.Object>> org.springframework.boot.autoconfigure.web.servlet.error.BasicErrorController.error(javax.servlet.http.HttpServletRequest)
2020-12-23 00:02:12.394 - INFO  [  restartedMain] rMethodMapping$MappingRegistry : Mapped "{[/error],produces=[text/html]}" onto public org.springframework.web.servlet.ModelAndView org.springframework.boot.autoconfigure.web.servlet.error.BasicErrorController.errorHtml(javax.servlet.http.HttpServletRequest,javax.servlet.http.HttpServletResponse)
2020-12-23 00:02:12.427 - INFO  [  restartedMain] .s.h.AbstractUrlHandlerMapping : Mapped URL path [/webjars/**] onto handler of type [class org.springframework.web.servlet.resource.ResourceHttpRequestHandler]
2020-12-23 00:02:12.427 - INFO  [  restartedMain] .s.h.AbstractUrlHandlerMapping : Mapped URL path [/**] onto handler of type [class org.springframework.web.servlet.resource.ResourceHttpRequestHandler]
2020-12-23 00:02:12.795 - INFO  [  restartedMain] b.d.a.OptionalLiveReloadServer : LiveReload server is running on port 35729
2020-12-23 00:02:12.833 - INFO  [  restartedMain] o.s.j.e.MBeanExporter          : Registering beans for JMX exposure on startup
2020-12-23 00:02:12.834 - INFO  [  restartedMain] o.s.j.e.MBeanExporter          : Bean with name 'druidDataSource' has been autodetected for JMX exposure
2020-12-23 00:02:12.835 - INFO  [  restartedMain] o.s.j.e.MBeanExporter          : Bean with name 'statFilter' has been autodetected for JMX exposure
2020-12-23 00:02:12.841 - INFO  [  restartedMain] o.s.j.e.MBeanExporter          : Located MBean 'statFilter': registering with JMX server as MBean [com.alibaba.druid.filter.stat:name=statFilter,type=StatFilter]
2020-12-23 00:02:12.842 - INFO  [  restartedMain] o.s.j.e.MBeanExporter          : Located MBean 'druidDataSource': registering with JMX server as MBean [com.alibaba.druid.pool:name=druidDataSource,type=DruidDataSource]
2020-12-23 00:02:12.855 - INFO  [  restartedMain] o.a.j.l.DirectJDKLog           : Starting ProtocolHandler ["http-nio-9001"]
2020-12-23 00:02:12.869 - INFO  [  restartedMain] o.a.j.l.DirectJDKLog           : Using a shared selector for servlet write/read
2020-12-23 00:02:12.885 - INFO  [  restartedMain] o.s.b.w.e.t.TomcatWebServer    : Tomcat started on port(s): 9001 (http) with context path ''
2020-12-23 00:02:12.891 - INFO  [  restartedMain] o.s.b.StartupInfoLogger        : Started KislSpringbootApplication in 3.975 seconds (JVM running for 6.0)
2020-12-23 00:02:13.101 - INFO  [nio-9001-exec-1] o.a.j.l.DirectJDKLog           : Initializing Spring FrameworkServlet 'dispatcherServlet'
2020-12-23 00:02:13.101 - INFO  [nio-9001-exec-1] o.s.w.s.FrameworkServlet       : FrameworkServlet 'dispatcherServlet': initialization started
2020-12-23 00:02:13.130 - INFO  [nio-9001-exec-1] o.s.w.s.FrameworkServlet       : FrameworkServlet 'dispatcherServlet': initialization completed in 29 ms
2020-12-23 00:02:27.343 - INFO  [  restartedMain] o.s.b.StartupInfoLogger        : Starting KislSpringbootApplication on DESKTOP-V3LPVRL with PID 3524 (F:\mywork\KISL\JetBrains\twitter\target\classes started by Administrator in F:\mywork\KISL\JetBrains\twitter)
2020-12-23 00:02:27.351 - INFO  [  restartedMain] o.s.b.SpringApplication        : No active profile set, falling back to default profiles: default
2020-12-23 00:02:27.447 - INFO  [  restartedMain] c.s.AbstractApplicationContext : Refreshing org.springframework.boot.web.servlet.context.AnnotationConfigServletWebServerApplicationContext@32abecb: startup date [Wed Dec 23 00:02:27 CST 2020]; root of context hierarchy
2020-12-23 00:02:29.495 - INFO  [  restartedMain] o.s.b.w.e.t.TomcatWebServer    : Tomcat initialized with port(s): 9001 (http)
2020-12-23 00:02:29.514 - INFO  [  restartedMain] o.a.j.l.DirectJDKLog           : Initializing ProtocolHandler ["http-nio-9001"]
2020-12-23 00:02:29.526 - INFO  [  restartedMain] o.a.j.l.DirectJDKLog           : Starting service [Tomcat]
2020-12-23 00:02:29.527 - INFO  [  restartedMain] o.a.j.l.DirectJDKLog           : Starting Servlet Engine: Apache Tomcat/8.5.29
2020-12-23 00:02:29.535 - INFO  [ost-startStop-1] o.a.j.l.DirectJDKLog           : The APR based Apache Tomcat Native library which allows optimal performance in production environments was not found on the java.library.path: [C:\Program Files\Java\jdk1.8.0_40\bin;C:\windows\Sun\Java\bin;C:\windows\system32;C:\windows;G:\app\Administrator\product\11.2.0\dbhome_1\bin;C:\windows\system32;C:\windows;C:\windows\System32\Wbem;C:\windows\System32\WindowsPowerShell\v1.0\;C:\Program Files (x86)\NVIDIA Corporation\PhysX\Common;C:\Program Files\Java\jdk1.8.0_40\bin;C:\strawberry\c\bin;C:\strawberry\perl\bin;C:\Program Files\Java\jdk1.8.0_40\bin;C:\Program Files\Java\jre1.8.0_40\bin;C:\Program Files\Java\jdk1.8.0_40\jre\bin;C:\Program Files\Intel\WiFi\bin\;C:\Program Files\Common Files\Intel\WirelessCommon\;C:\Program Files (x86)\Nmap;C:\Program Files\MySQL\MySQL Utilities 1.6\;F:\mywork\KISL\apache-maven-3.3.9\bin;G:\shortcut;F:\installSoft\TortoiseSVN\bin;F:\installSoft\VisualSVN Server\bin;F:\installSoft\Git\cmd;C:\Users\Administrator\AppData\Local\Microsoft\WindowsApps;C:\Program Files\Intel\WiFi\bin\;C:\Program Files\Common Files\Intel\WirelessCommon\;C:\Program Files (x86)\Nmap;C:\Users\Administrator\AppData\Local\GitHubDesktop\bin;F:\installSoft\Microsoft VS Code\bin;.]
2020-12-23 00:02:29.700 - INFO  [ost-startStop-1] o.a.j.l.DirectJDKLog           : Initializing Spring embedded WebApplicationContext
2020-12-23 00:02:29.701 - INFO  [ost-startStop-1] letWebServerApplicationContext : Root WebApplicationContext: initialization completed in 2258 ms
2020-12-23 00:02:30.012 - INFO  [ost-startStop-1] .b.w.s.ServletRegistrationBean : Servlet statViewServlet mapped to [/druid/*]
2020-12-23 00:02:30.015 - INFO  [ost-startStop-1] .b.w.s.ServletRegistrationBean : Servlet dispatcherServlet mapped to [/]
2020-12-23 00:02:30.015 - INFO  [ost-startStop-1] .b.w.s.ServletRegistrationBean : Servlet statViewServlet mapped to [/druid/*]
2020-12-23 00:02:30.016 - INFO  [ost-startStop-1] .b.w.s.DynamicRegistrationBean : Servlet statViewServlet was not registered (possibly already registered?)
2020-12-23 00:02:30.020 - INFO  [ost-startStop-1] AbstractFilterRegistrationBean : Mapping filter: 'characterEncodingFilter' to: [/*]
2020-12-23 00:02:30.020 - INFO  [ost-startStop-1] AbstractFilterRegistrationBean : Mapping filter: 'hiddenHttpMethodFilter' to: [/*]
2020-12-23 00:02:30.020 - INFO  [ost-startStop-1] AbstractFilterRegistrationBean : Mapping filter: 'httpPutFormContentFilter' to: [/*]
2020-12-23 00:02:30.021 - INFO  [ost-startStop-1] AbstractFilterRegistrationBean : Mapping filter: 'requestContextFilter' to: [/*]
2020-12-23 00:02:30.021 - INFO  [ost-startStop-1] AbstractFilterRegistrationBean : Mapping filter: 'webStatFilter' to urls: [/*]
2020-12-23 00:02:30.021 - INFO  [ost-startStop-1] .b.w.s.DynamicRegistrationBean : Filter webStatFilter was not registered (possibly already registered?)
2020-12-23 00:02:30.112 - INFO  [  restartedMain] c.k.t.m.DruidConfig            : Druid初始化开始==========
2020-12-23 00:02:30.128 - INFO  [  restartedMain] c.k.t.m.DruidConfig            : Druid初始化完成==========
2020-12-23 00:02:30.540 - INFO  [  restartedMain] c.a.d.p.DruidDataSource        : {dataSource-1} inited
2020-12-23 00:02:30.819 - INFO  [  restartedMain] .s.h.AbstractUrlHandlerMapping : Mapped URL path [/**/favicon.ico] onto handler of type [class org.springframework.web.servlet.resource.ResourceHttpRequestHandler]
2020-12-23 00:02:31.060 - INFO  [  restartedMain] a.RequestMappingHandlerAdapter : Looking for @ControllerAdvice: org.springframework.boot.web.servlet.context.AnnotationConfigServletWebServerApplicationContext@32abecb: startup date [Wed Dec 23 00:02:27 CST 2020]; root of context hierarchy
2020-12-23 00:02:31.135 - INFO  [  restartedMain] rMethodMapping$MappingRegistry : Mapped "{[/user/login],methods=[POST]}" onto public com.kisl.twitter.model.Result com.kisl.twitter.controller.UserController.login(com.kisl.twitter.model.User)
2020-12-23 00:02:31.136 - INFO  [  restartedMain] rMethodMapping$MappingRegistry : Mapped "{[/user/regist],methods=[POST]}" onto public com.kisl.twitter.model.Result com.kisl.twitter.controller.UserController.regist(com.kisl.twitter.model.User)
2020-12-23 00:02:31.139 - INFO  [  restartedMain] rMethodMapping$MappingRegistry : Mapped "{[/error]}" onto public org.springframework.http.ResponseEntity<java.util.Map<java.lang.String, java.lang.Object>> org.springframework.boot.autoconfigure.web.servlet.error.BasicErrorController.error(javax.servlet.http.HttpServletRequest)
2020-12-23 00:02:31.140 - INFO  [  restartedMain] rMethodMapping$MappingRegistry : Mapped "{[/error],produces=[text/html]}" onto public org.springframework.web.servlet.ModelAndView org.springframework.boot.autoconfigure.web.servlet.error.BasicErrorController.errorHtml(javax.servlet.http.HttpServletRequest,javax.servlet.http.HttpServletResponse)
2020-12-23 00:02:31.175 - INFO  [  restartedMain] .s.h.AbstractUrlHandlerMapping : Mapped URL path [/webjars/**] onto handler of type [class org.springframework.web.servlet.resource.ResourceHttpRequestHandler]
2020-12-23 00:02:31.176 - INFO  [  restartedMain] .s.h.AbstractUrlHandlerMapping : Mapped URL path [/**] onto handler of type [class org.springframework.web.servlet.resource.ResourceHttpRequestHandler]
2020-12-23 00:02:31.584 - INFO  [  restartedMain] b.d.a.OptionalLiveReloadServer : LiveReload server is running on port 35729
2020-12-23 00:02:31.626 - INFO  [  restartedMain] o.s.j.e.MBeanExporter          : Registering beans for JMX exposure on startup
2020-12-23 00:02:31.627 - INFO  [  restartedMain] o.s.j.e.MBeanExporter          : Bean with name 'druidDataSource' has been autodetected for JMX exposure
2020-12-23 00:02:31.627 - INFO  [  restartedMain] o.s.j.e.MBeanExporter          : Bean with name 'statFilter' has been autodetected for JMX exposure
2020-12-23 00:02:31.633 - INFO  [  restartedMain] o.s.j.e.MBeanExporter          : Located MBean 'statFilter': registering with JMX server as MBean [com.alibaba.druid.filter.stat:name=statFilter,type=StatFilter]
2020-12-23 00:02:31.635 - INFO  [  restartedMain] o.s.j.e.MBeanExporter          : Located MBean 'druidDataSource': registering with JMX server as MBean [com.alibaba.druid.pool:name=druidDataSource,type=DruidDataSource]
2020-12-23 00:02:31.647 - INFO  [  restartedMain] o.a.j.l.DirectJDKLog           : Starting ProtocolHandler ["http-nio-9001"]
2020-12-23 00:02:31.661 - INFO  [  restartedMain] o.a.j.l.DirectJDKLog           : Using a shared selector for servlet write/read
2020-12-23 00:02:31.680 - INFO  [  restartedMain] o.s.b.w.e.t.TomcatWebServer    : Tomcat started on port(s): 9001 (http) with context path ''
2020-12-23 00:02:31.685 - INFO  [  restartedMain] o.s.b.StartupInfoLogger        : Started KislSpringbootApplication in 4.748 seconds (JVM running for 6.736)
2020-12-23 00:02:31.874 - INFO  [nio-9001-exec-2] o.a.j.l.DirectJDKLog           : Initializing Spring FrameworkServlet 'dispatcherServlet'
2020-12-23 00:02:31.874 - INFO  [nio-9001-exec-2] o.s.w.s.FrameworkServlet       : FrameworkServlet 'dispatcherServlet': initialization started
2020-12-23 00:02:31.930 - INFO  [nio-9001-exec-2] o.s.w.s.FrameworkServlet       : FrameworkServlet 'dispatcherServlet': initialization completed in 56 ms
2020-12-23 00:04:12.754 - INFO  [      Thread-20] c.s.AbstractApplicationContext : Closing org.springframework.boot.web.servlet.context.AnnotationConfigServletWebServerApplicationContext@32abecb: startup date [Wed Dec 23 00:02:27 CST 2020]; root of context hierarchy
2020-12-23 00:04:12.759 - INFO  [      Thread-20] o.s.j.e.MBeanExporter          : Unregistering JMX-exposed beans on shutdown
2020-12-23 00:04:12.760 - INFO  [      Thread-20] s.j.s.MBeanRegistrationSupport : Unregistering JMX-exposed beans
2020-12-23 00:04:12.773 - INFO  [      Thread-20] c.a.d.p.DruidDataSource        : {dataSource-1} closed
2020-12-23 00:04:20.292 - INFO  [  restartedMain] o.s.b.StartupInfoLogger        : Starting KislSpringbootApplication on DESKTOP-V3LPVRL with PID 3204 (F:\mywork\KISL\JetBrains\twitter\target\classes started by Administrator in F:\mywork\KISL\JetBrains\twitter)
2020-12-23 00:04:20.298 - INFO  [  restartedMain] o.s.b.SpringApplication        : No active profile set, falling back to default profiles: default
2020-12-23 00:04:20.372 - INFO  [  restartedMain] c.s.AbstractApplicationContext : Refreshing org.springframework.boot.web.servlet.context.AnnotationConfigServletWebServerApplicationContext@5bc33a2: startup date [Wed Dec 23 00:04:20 CST 2020]; root of context hierarchy
2020-12-23 00:04:21.875 - INFO  [  restartedMain] o.s.b.w.e.t.TomcatWebServer    : Tomcat initialized with port(s): 9001 (http)
2020-12-23 00:04:21.892 - INFO  [  restartedMain] o.a.j.l.DirectJDKLog           : Initializing ProtocolHandler ["http-nio-9001"]
2020-12-23 00:04:21.903 - INFO  [  restartedMain] o.a.j.l.DirectJDKLog           : Starting service [Tomcat]
2020-12-23 00:04:21.903 - INFO  [  restartedMain] o.a.j.l.DirectJDKLog           : Starting Servlet Engine: Apache Tomcat/8.5.29
2020-12-23 00:04:21.908 - INFO  [ost-startStop-1] o.a.j.l.DirectJDKLog           : The APR based Apache Tomcat Native library which allows optimal performance in production environments was not found on the java.library.path: [C:\Program Files\Java\jdk1.8.0_40\bin;C:\windows\Sun\Java\bin;C:\windows\system32;C:\windows;G:\app\Administrator\product\11.2.0\dbhome_1\bin;C:\windows\system32;C:\windows;C:\windows\System32\Wbem;C:\windows\System32\WindowsPowerShell\v1.0\;C:\Program Files (x86)\NVIDIA Corporation\PhysX\Common;C:\Program Files\Java\jdk1.8.0_40\bin;C:\strawberry\c\bin;C:\strawberry\perl\bin;C:\Program Files\Java\jdk1.8.0_40\bin;C:\Program Files\Java\jre1.8.0_40\bin;C:\Program Files\Java\jdk1.8.0_40\jre\bin;C:\Program Files\Intel\WiFi\bin\;C:\Program Files\Common Files\Intel\WirelessCommon\;C:\Program Files (x86)\Nmap;C:\Program Files\MySQL\MySQL Utilities 1.6\;F:\mywork\KISL\apache-maven-3.3.9\bin;G:\shortcut;F:\installSoft\TortoiseSVN\bin;F:\installSoft\VisualSVN Server\bin;F:\installSoft\Git\cmd;C:\Users\Administrator\AppData\Local\Microsoft\WindowsApps;C:\Program Files\Intel\WiFi\bin\;C:\Program Files\Common Files\Intel\WirelessCommon\;C:\Program Files (x86)\Nmap;C:\Users\Administrator\AppData\Local\GitHubDesktop\bin;F:\installSoft\Microsoft VS Code\bin;.]
2020-12-23 00:04:22.010 - INFO  [ost-startStop-1] o.a.j.l.DirectJDKLog           : Initializing Spring embedded WebApplicationContext
2020-12-23 00:04:22.010 - INFO  [ost-startStop-1] letWebServerApplicationContext : Root WebApplicationContext: initialization completed in 1638 ms
2020-12-23 00:04:22.183 - INFO  [ost-startStop-1] .b.w.s.ServletRegistrationBean : Servlet statViewServlet mapped to [/druid/*]
2020-12-23 00:04:22.185 - INFO  [ost-startStop-1] .b.w.s.ServletRegistrationBean : Servlet dispatcherServlet mapped to [/]
2020-12-23 00:04:22.185 - INFO  [ost-startStop-1] .b.w.s.ServletRegistrationBean : Servlet statViewServlet mapped to [/druid/*]
2020-12-23 00:04:22.186 - INFO  [ost-startStop-1] .b.w.s.DynamicRegistrationBean : Servlet statViewServlet was not registered (possibly already registered?)
2020-12-23 00:04:22.188 - INFO  [ost-startStop-1] AbstractFilterRegistrationBean : Mapping filter: 'characterEncodingFilter' to: [/*]
2020-12-23 00:04:22.189 - INFO  [ost-startStop-1] AbstractFilterRegistrationBean : Mapping filter: 'hiddenHttpMethodFilter' to: [/*]
2020-12-23 00:04:22.189 - INFO  [ost-startStop-1] AbstractFilterRegistrationBean : Mapping filter: 'httpPutFormContentFilter' to: [/*]
2020-12-23 00:04:22.189 - INFO  [ost-startStop-1] AbstractFilterRegistrationBean : Mapping filter: 'requestContextFilter' to: [/*]
2020-12-23 00:04:22.189 - INFO  [ost-startStop-1] AbstractFilterRegistrationBean : Mapping filter: 'webStatFilter' to urls: [/*]
2020-12-23 00:04:22.190 - INFO  [ost-startStop-1] .b.w.s.DynamicRegistrationBean : Filter webStatFilter was not registered (possibly already registered?)
2020-12-23 00:04:22.248 - INFO  [  restartedMain] c.k.t.m.DruidConfig            : Druid初始化开始==========
2020-12-23 00:04:22.257 - INFO  [  restartedMain] c.k.t.m.DruidConfig            : Druid初始化完成==========
2020-12-23 00:04:22.623 - INFO  [  restartedMain] c.a.d.p.DruidDataSource        : {dataSource-1} inited
2020-12-23 00:04:22.835 - INFO  [  restartedMain] .s.h.AbstractUrlHandlerMapping : Mapped URL path [/**/favicon.ico] onto handler of type [class org.springframework.web.servlet.resource.ResourceHttpRequestHandler]
2020-12-23 00:04:23.025 - INFO  [  restartedMain] a.RequestMappingHandlerAdapter : Looking for @ControllerAdvice: org.springframework.boot.web.servlet.context.AnnotationConfigServletWebServerApplicationContext@5bc33a2: startup date [Wed Dec 23 00:04:20 CST 2020]; root of context hierarchy
2020-12-23 00:04:23.082 - INFO  [  restartedMain] rMethodMapping$MappingRegistry : Mapped "{[/user/regist],methods=[POST]}" onto public com.kisl.twitter.model.Result com.kisl.twitter.controller.UserController.regist(com.kisl.twitter.model.User)
2020-12-23 00:04:23.084 - INFO  [  restartedMain] rMethodMapping$MappingRegistry : Mapped "{[/user/login],methods=[POST]}" onto public com.kisl.twitter.model.Result com.kisl.twitter.controller.UserController.login(com.kisl.twitter.model.User)
2020-12-23 00:04:23.087 - INFO  [  restartedMain] rMethodMapping$MappingRegistry : Mapped "{[/error]}" onto public org.springframework.http.ResponseEntity<java.util.Map<java.lang.String, java.lang.Object>> org.springframework.boot.autoconfigure.web.servlet.error.BasicErrorController.error(javax.servlet.http.HttpServletRequest)
2020-12-23 00:04:23.088 - INFO  [  restartedMain] rMethodMapping$MappingRegistry : Mapped "{[/error],produces=[text/html]}" onto public org.springframework.web.servlet.ModelAndView org.springframework.boot.autoconfigure.web.servlet.error.BasicErrorController.errorHtml(javax.servlet.http.HttpServletRequest,javax.servlet.http.HttpServletResponse)
2020-12-23 00:04:23.115 - INFO  [  restartedMain] .s.h.AbstractUrlHandlerMapping : Mapped URL path [/webjars/**] onto handler of type [class org.springframework.web.servlet.resource.ResourceHttpRequestHandler]
2020-12-23 00:04:23.115 - INFO  [  restartedMain] .s.h.AbstractUrlHandlerMapping : Mapped URL path [/**] onto handler of type [class org.springframework.web.servlet.resource.ResourceHttpRequestHandler]
2020-12-23 00:04:23.431 - INFO  [  restartedMain] b.d.a.OptionalLiveReloadServer : LiveReload server is running on port 35729
2020-12-23 00:04:23.467 - INFO  [  restartedMain] o.s.j.e.MBeanExporter          : Registering beans for JMX exposure on startup
2020-12-23 00:04:23.468 - INFO  [  restartedMain] o.s.j.e.MBeanExporter          : Bean with name 'druidDataSource' has been autodetected for JMX exposure
2020-12-23 00:04:23.469 - INFO  [  restartedMain] o.s.j.e.MBeanExporter          : Bean with name 'statFilter' has been autodetected for JMX exposure
2020-12-23 00:04:23.473 - INFO  [  restartedMain] o.s.j.e.MBeanExporter          : Located MBean 'statFilter': registering with JMX server as MBean [com.alibaba.druid.filter.stat:name=statFilter,type=StatFilter]
2020-12-23 00:04:23.474 - INFO  [  restartedMain] o.s.j.e.MBeanExporter          : Located MBean 'druidDataSource': registering with JMX server as MBean [com.alibaba.druid.pool:name=druidDataSource,type=DruidDataSource]
2020-12-23 00:04:23.485 - INFO  [  restartedMain] o.a.j.l.DirectJDKLog           : Starting ProtocolHandler ["http-nio-9001"]
2020-12-23 00:04:23.497 - INFO  [  restartedMain] o.a.j.l.DirectJDKLog           : Using a shared selector for servlet write/read
2020-12-23 00:04:23.511 - INFO  [  restartedMain] o.s.b.w.e.t.TomcatWebServer    : Tomcat started on port(s): 9001 (http) with context path ''
2020-12-23 00:04:23.515 - INFO  [  restartedMain] o.s.b.StartupInfoLogger        : Started KislSpringbootApplication in 3.529 seconds (JVM running for 5.207)
2020-12-23 00:04:25.077 - INFO  [nio-9001-exec-1] o.a.j.l.DirectJDKLog           : Initializing Spring FrameworkServlet 'dispatcherServlet'
2020-12-23 00:04:25.077 - INFO  [nio-9001-exec-1] o.s.w.s.FrameworkServlet       : FrameworkServlet 'dispatcherServlet': initialization started
2020-12-23 00:04:25.097 - INFO  [nio-9001-exec-1] o.s.w.s.FrameworkServlet       : FrameworkServlet 'dispatcherServlet': initialization completed in 20 ms
2020-12-23 00:06:41.977 - INFO  [  restartedMain] o.s.b.StartupInfoLogger        : Starting KislSpringbootApplication on DESKTOP-V3LPVRL with PID 13552 (F:\mywork\KISL\JetBrains\twitter\target\classes started by Administrator in F:\mywork\KISL\JetBrains\twitter)
2020-12-23 00:06:41.983 - INFO  [  restartedMain] o.s.b.SpringApplication        : No active profile set, falling back to default profiles: default
2020-12-23 00:06:42.056 - INFO  [  restartedMain] c.s.AbstractApplicationContext : Refreshing org.springframework.boot.web.servlet.context.AnnotationConfigServletWebServerApplicationContext@52507f38: startup date [Wed Dec 23 00:06:42 CST 2020]; root of context hierarchy
2020-12-23 00:06:43.536 - INFO  [  restartedMain] o.s.b.w.e.t.TomcatWebServer    : Tomcat initialized with port(s): 9001 (http)
2020-12-23 00:06:43.567 - INFO  [  restartedMain] o.a.j.l.DirectJDKLog           : Initializing ProtocolHandler ["http-nio-9001"]
2020-12-23 00:06:43.579 - INFO  [  restartedMain] o.a.j.l.DirectJDKLog           : Starting service [Tomcat]
2020-12-23 00:06:43.579 - INFO  [  restartedMain] o.a.j.l.DirectJDKLog           : Starting Servlet Engine: Apache Tomcat/8.5.29
2020-12-23 00:06:43.584 - INFO  [ost-startStop-1] o.a.j.l.DirectJDKLog           : The APR based Apache Tomcat Native library which allows optimal performance in production environments was not found on the java.library.path: [C:\Program Files\Java\jdk1.8.0_40\bin;C:\windows\Sun\Java\bin;C:\windows\system32;C:\windows;G:\app\Administrator\product\11.2.0\dbhome_1\bin;C:\windows\system32;C:\windows;C:\windows\System32\Wbem;C:\windows\System32\WindowsPowerShell\v1.0\;C:\Program Files (x86)\NVIDIA Corporation\PhysX\Common;C:\Program Files\Java\jdk1.8.0_40\bin;C:\strawberry\c\bin;C:\strawberry\perl\bin;C:\Program Files\Java\jdk1.8.0_40\bin;C:\Program Files\Java\jre1.8.0_40\bin;C:\Program Files\Java\jdk1.8.0_40\jre\bin;C:\Program Files\Intel\WiFi\bin\;C:\Program Files\Common Files\Intel\WirelessCommon\;C:\Program Files (x86)\Nmap;C:\Program Files\MySQL\MySQL Utilities 1.6\;F:\mywork\KISL\apache-maven-3.3.9\bin;G:\shortcut;F:\installSoft\TortoiseSVN\bin;F:\installSoft\VisualSVN Server\bin;F:\installSoft\Git\cmd;C:\Users\Administrator\AppData\Local\Microsoft\WindowsApps;C:\Program Files\Intel\WiFi\bin\;C:\Program Files\Common Files\Intel\WirelessCommon\;C:\Program Files (x86)\Nmap;C:\Users\Administrator\AppData\Local\GitHubDesktop\bin;F:\installSoft\Microsoft VS Code\bin;.]
2020-12-23 00:06:43.704 - INFO  [ost-startStop-1] o.a.j.l.DirectJDKLog           : Initializing Spring embedded WebApplicationContext
2020-12-23 00:06:43.705 - INFO  [ost-startStop-1] letWebServerApplicationContext : Root WebApplicationContext: initialization completed in 1650 ms
2020-12-23 00:06:43.879 - INFO  [ost-startStop-1] .b.w.s.ServletRegistrationBean : Servlet statViewServlet mapped to [/druid/*]
2020-12-23 00:06:43.880 - INFO  [ost-startStop-1] .b.w.s.ServletRegistrationBean : Servlet dispatcherServlet mapped to [/]
2020-12-23 00:06:43.881 - INFO  [ost-startStop-1] .b.w.s.ServletRegistrationBean : Servlet statViewServlet mapped to [/druid/*]
2020-12-23 00:06:43.881 - INFO  [ost-startStop-1] .b.w.s.DynamicRegistrationBean : Servlet statViewServlet was not registered (possibly already registered?)
2020-12-23 00:06:43.884 - INFO  [ost-startStop-1] AbstractFilterRegistrationBean : Mapping filter: 'characterEncodingFilter' to: [/*]
2020-12-23 00:06:43.884 - INFO  [ost-startStop-1] AbstractFilterRegistrationBean : Mapping filter: 'hiddenHttpMethodFilter' to: [/*]
2020-12-23 00:06:43.884 - INFO  [ost-startStop-1] AbstractFilterRegistrationBean : Mapping filter: 'httpPutFormContentFilter' to: [/*]
2020-12-23 00:06:43.885 - INFO  [ost-startStop-1] AbstractFilterRegistrationBean : Mapping filter: 'requestContextFilter' to: [/*]
2020-12-23 00:06:43.885 - INFO  [ost-startStop-1] AbstractFilterRegistrationBean : Mapping filter: 'webStatFilter' to urls: [/*]
2020-12-23 00:06:43.885 - INFO  [ost-startStop-1] .b.w.s.DynamicRegistrationBean : Filter webStatFilter was not registered (possibly already registered?)
2020-12-23 00:06:44.318 - INFO  [  restartedMain] c.a.d.p.DruidDataSource        : {dataSource-1} inited
2020-12-23 00:06:44.524 - INFO  [  restartedMain] .s.h.AbstractUrlHandlerMapping : Mapped URL path [/**/favicon.ico] onto handler of type [class org.springframework.web.servlet.resource.ResourceHttpRequestHandler]
2020-12-23 00:06:44.706 - INFO  [  restartedMain] a.RequestMappingHandlerAdapter : Looking for @ControllerAdvice: org.springframework.boot.web.servlet.context.AnnotationConfigServletWebServerApplicationContext@52507f38: startup date [Wed Dec 23 00:06:42 CST 2020]; root of context hierarchy
2020-12-23 00:06:44.764 - INFO  [  restartedMain] rMethodMapping$MappingRegistry : Mapped "{[/user/regist],methods=[POST]}" onto public com.kisl.twitter.model.Result com.kisl.twitter.controller.UserController.regist(com.kisl.twitter.model.User)
2020-12-23 00:06:44.765 - INFO  [  restartedMain] rMethodMapping$MappingRegistry : Mapped "{[/user/login],methods=[POST]}" onto public com.kisl.twitter.model.Result com.kisl.twitter.controller.UserController.login(com.kisl.twitter.model.User)
2020-12-23 00:06:44.768 - INFO  [  restartedMain] rMethodMapping$MappingRegistry : Mapped "{[/error]}" onto public org.springframework.http.ResponseEntity<java.util.Map<java.lang.String, java.lang.Object>> org.springframework.boot.autoconfigure.web.servlet.error.BasicErrorController.error(javax.servlet.http.HttpServletRequest)
2020-12-23 00:06:44.769 - INFO  [  restartedMain] rMethodMapping$MappingRegistry : Mapped "{[/error],produces=[text/html]}" onto public org.springframework.web.servlet.ModelAndView org.springframework.boot.autoconfigure.web.servlet.error.BasicErrorController.errorHtml(javax.servlet.http.HttpServletRequest,javax.servlet.http.HttpServletResponse)
2020-12-23 00:06:44.793 - INFO  [  restartedMain] .s.h.AbstractUrlHandlerMapping : Mapped URL path [/webjars/**] onto handler of type [class org.springframework.web.servlet.resource.ResourceHttpRequestHandler]
2020-12-23 00:06:44.793 - INFO  [  restartedMain] .s.h.AbstractUrlHandlerMapping : Mapped URL path [/**] onto handler of type [class org.springframework.web.servlet.resource.ResourceHttpRequestHandler]
2020-12-23 00:06:45.087 - INFO  [  restartedMain] b.d.a.OptionalLiveReloadServer : LiveReload server is running on port 35729
2020-12-23 00:06:45.122 - INFO  [  restartedMain] o.s.j.e.MBeanExporter          : Registering beans for JMX exposure on startup
2020-12-23 00:06:45.123 - INFO  [  restartedMain] o.s.j.e.MBeanExporter          : Bean with name 'druidDataSource' has been autodetected for JMX exposure
2020-12-23 00:06:45.124 - INFO  [  restartedMain] o.s.j.e.MBeanExporter          : Bean with name 'statFilter' has been autodetected for JMX exposure
2020-12-23 00:06:45.128 - INFO  [  restartedMain] o.s.j.e.MBeanExporter          : Located MBean 'statFilter': registering with JMX server as MBean [com.alibaba.druid.filter.stat:name=statFilter,type=StatFilter]
2020-12-23 00:06:45.129 - INFO  [  restartedMain] o.s.j.e.MBeanExporter          : Located MBean 'druidDataSource': registering with JMX server as MBean [com.alibaba.druid.pool:name=druidDataSource,type=DruidDataSource]
2020-12-23 00:06:45.140 - INFO  [  restartedMain] o.a.j.l.DirectJDKLog           : Starting ProtocolHandler ["http-nio-9001"]
2020-12-23 00:06:45.153 - INFO  [  restartedMain] o.a.j.l.DirectJDKLog           : Using a shared selector for servlet write/read
2020-12-23 00:06:45.168 - INFO  [  restartedMain] o.s.b.w.e.t.TomcatWebServer    : Tomcat started on port(s): 9001 (http) with context path ''
2020-12-23 00:06:45.172 - INFO  [  restartedMain] o.s.b.StartupInfoLogger        : Started KislSpringbootApplication in 3.488 seconds (JVM running for 5.239)
2020-12-23 00:06:45.343 - INFO  [nio-9001-exec-1] o.a.j.l.DirectJDKLog           : Initializing Spring FrameworkServlet 'dispatcherServlet'
2020-12-23 00:06:45.343 - INFO  [nio-9001-exec-1] o.s.w.s.FrameworkServlet       : FrameworkServlet 'dispatcherServlet': initialization started
2020-12-23 00:06:45.374 - INFO  [nio-9001-exec-1] o.s.w.s.FrameworkServlet       : FrameworkServlet 'dispatcherServlet': initialization completed in 31 ms
